modified by riveria,
in Nov 2004.

新增：
1、3个数值计算模块
2、字符串最小表示
3、最长公共单调子序列

去除：
1、大数的类封装
2、最大独立集
3、最小支配集
4、二分图完备匹配
5、二分图完美匹配

修正错误：
1、无向图关键点
2、模式匹配(KMP)

更新：
1、最大团
2、joseph

另：为一些容易用错的模块加入了注释


modified by SgHao,
on Oct 24th, 2005.

添加：
 1. 凸包 by mgmg，可去除重复点集
 2. 欧拉函数(gcd)非递归
 3. 点关于直线的对称点 by lyt
 4. 二分图最大匹配(hungary邻接表形式,邻接阵接口) by lyt
 5. 上下界最大流(邻接表形式) by lyt
 6. 上下界最小流(邻接表形式) by lyt
 7. 一般图匹配(邻接表形式,邻接阵接口) by lyt
 8. 质因数分解 by lyt
 9. 最大流(邻接表形式) by lyt
10. 最大流(邻接表形式,邻接阵接口) by lyt
11. 排列组合跟整数转化 by gougou
