Case #1: IMPOSSIBLE
Case #2: dfecfcbfabbeaaefdddadfbecadaafadcfbcafbefbabcbfebbfddbfaabfeecdfdbaccadbdbacdebcceaaccdb
Case #3: ecaecdaafaccfdcaeacddeaedfdcffbbeffbedaeeaffaac
Case #4: IMPOSSIBLE
Case #5: IMPOSSIBLE
Case #6: affbefadfbeafbccdfbbafbdcbaaddadebadabbeaaaeeaeaddaccb
Case #7: aaccbceaadddcdeaeafbcfcbddfbbadabfaeaadeeeaeebbaacadeeaeeecfdfafcaedbbffceebabbebedcaeebffdadedbdffb
Case #8: IMPOSSIBLE
Case #9: adfaaaaaaaefacaabcaaaacdaaaaeacaaeffaaaaddadaaaaaabebbbbcfbeabcdfbda
Case #10: afafafafbfcfdfeffbfbfcfdffffffffffffffffffffffffffffffffffffffffffffffffffffffffffffffffffffffffffff
Case #11: IMPOSSIBLE
Case #12: aadbdffecbdaadaaaaaaeaadaaaaddaaeafcaebdaabcadfaacafa
Case #13: adeabdaddaaaacabeadafbdcbcfdedebaacbcceefadcefebbfbe
Case #14: IMPOSSIBLE
Case #15: addecbcafdfabaffacacfbfcdcaefaffbefefbaafceadedbfefebe
Case #16: ffffffffffffffffffffffffffffffffffffffffffffffffffffffffffffffffffffffffffffffffffffffffffffffffffff
Case #17: abcd
Case #18: abacac
Case #19: IMPOSSIBLE
Case #20: abcd
